0 verbose cli /usr/local/bin/node /usr/local/bin/npm
1 info using npm@10.9.2
2 info using node@v22.17.1
3 silly config load:file:/usr/local/lib/node_modules/npm/npmrc
4 silly config load:file:/app/manage/.npmrc
5 silly config load:file:/root/.npmrc
6 silly config load:file:/usr/local/etc/npmrc
7 verbose title npm run dev
8 verbose argv "run" "dev"
9 verbose logfile logs-max:10 dir:/root/.npm/_logs/2026-04-11T08_34_17_421Z-
10 verbose logfile /root/.npm/_logs/2026-04-11T08_34_17_421Z-debug-0.log
11 silly logfile start cleaning logs, removing 1 files
12 silly logfile done cleaning log files
13 verbose stack Error: command failed
13 verbose stack     at promiseSpawn (/usr/local/lib/node_modules/npm/node_modules/@npmcli/promise-spawn/lib/index.js:22:22)
13 verbose stack     at spawnWithShell (/usr/local/lib/node_modules/npm/node_modules/@npmcli/promise-spawn/lib/index.js:124:10)
13 verbose stack     at promiseSpawn (/usr/local/lib/node_modules/npm/node_modules/@npmcli/promise-spawn/lib/index.js:12:12)
13 verbose stack     at runScriptPkg (/usr/local/lib/node_modules/npm/node_modules/@npmcli/run-script/lib/run-script-pkg.js:77:13)
13 verbose stack     at runScript (/usr/local/lib/node_modules/npm/node_modules/@npmcli/run-script/lib/run-script.js:9:12)
13 verbose stack     at #run (/usr/local/lib/node_modules/npm/lib/commands/run-script.js:131:13)
13 verbose stack     at async RunScript.exec (/usr/local/lib/node_modules/npm/lib/commands/run-script.js:40:7)
13 verbose stack     at async Npm.exec (/usr/local/lib/node_modules/npm/lib/npm.js:207:9)
13 verbose stack     at async module.exports (/usr/local/lib/node_modules/npm/lib/cli/entry.js:74:5)
14 verbose pkgid cool-admin@8.0.0
15 error path /app/manage
16 error command failed
17 error signal SIGTERM
18 error command sh -c rimraf src/index.ts && cool check && cross-env NODE_ENV=local mwtsc --cleanOutDir --watch --run @midwayjs/mock/app.js --keepalive
19 verbose cwd /app/manage
20 verbose os Linux 6.12.76-linuxkit
21 verbose node v22.17.1
22 verbose npm  v10.9.2
23 verbose exit 1
24 verbose code 1
25 error A complete log of this run can be found in: /root/.npm/_logs/2026-04-11T08_34_17_421Z-debug-0.log
